This file contains any messages produced by compilers while
running configure, to aid debugging if configure makes a mistake.

configure:615: checking host system type
configure:636: checking target system type
configure:654: checking build system type
configure:713: checking for a BSD compatible install
configure:770: checking for -p flag to install
configure:793: checking whether build environment is sane
configure:831: checking whether make sets ${MAKE}
configure:877: checking for working aclocal
configure:890: checking for working autoconf
configure:903: checking for working automake
configure:916: checking for working autoheader
configure:929: checking for working makeinfo
configure:1010: checking for gcc
configure:1123: checking whether the C compiler (gcc     -s ) works
configure:1139: gcc -o conftest      -s  conftest.c  1>&5
configure:1165: checking whether the C compiler (gcc     -s ) is a cross-compiler
configure:1170: checking whether we are using GNU C
configure:1179: gcc -E conftest.c
configure:1198: checking whether gcc accepts -g
configure:1263: checking for c++
configure:1295: checking whether the C++ compiler (c++   -O3 -Wall      -s ) works
configure:1316: rm -rf SunWS_cache; c++ -o conftest   -O3 -Wall       -s  conftest.C  1>&5
configure:1342: checking whether the C++ compiler (c++   -O3 -Wall      -s ) is a cross-compiler
configure:1347: checking whether we are using GNU C++
configure:1356: c++ -E conftest.C
configure:1375: checking whether c++ accepts -g
configure:1557: checking whether c++ supports -fno-exceptions
configure:1586: checking whether c++ supports -fno-check-new
configure:1615: checking whether c++ supports -fexceptions
configure:1699: checking how to run the C++ preprocessor
configure:1720: c++ -E  conftest.C >/dev/null 2>conftest.out
configure:1784: checking whether c++ supports -frepo
configure:1978: checking for ld used by GCC
configure:2046: checking if the linker (/usr/i486-suse-linux/bin/ld) is GNU ld
GNU ld version 2.11.90.0.29 (with BFD 2.11.90.0.29)
configure:2063: checking for /usr/i486-suse-linux/bin/ld option to reload object files
configure:2075: checking for BSD-compatible nm
configure:2113: checking whether ln -s works
configure:2134: checking how to recognise dependant libraries
configure:2455: checking for ranlib
configure:2522: checking for strip
configure:2694: checking for Cygwin environment
configure:2710: gcc -c -O2    conftest.c 1>&5
configure: In function `main':
configure:2706: `__CYGWIN32__' undeclared (first use in this function)
configure:2706: (Each undeclared identifier is reported only once
configure:2706: for each function it appears in.)
configure: failed program was:
#line 2699 "configure"
#include "confdefs.h"

int main() {

#ifndef __CYGWIN__
#define __CYGWIN__ __CYGWIN32__
#endif
return __CYGWIN__;
; return 0; }
configure:2727: checking for mingw32 environment
configure:2739: gcc -c -O2    conftest.c 1>&5
configure: In function `main':
configure:2735: `__MINGW32__' undeclared (first use in this function)
configure:2735: (Each undeclared identifier is reported only once
configure:2735: for each function it appears in.)
configure: failed program was:
#line 2732 "configure"
#include "confdefs.h"

int main() {
return __MINGW32__;
; return 0; }
ltcf-c.sh:need_lc: gcc -c -O2    conftest.c 1>&5
ltcf-c.sh:need_lc: gcc -shared conftest.  -v -Wl,-soname -Wl,conftest -o conftest
ltconfig:678:checking for gcc option to produce PIC
ltconfig:687:checking that gcc PIC flag -fPIC -DPIC works.
ltconfig:697: gcc -c -O2   -fPIC -DPIC -DPIC  conftest.c 1>&5
ltconfig:749: checking if gcc static flag -static works
ltconfig:758: gcc -o conftest -O2      -s  -static conftest.c  1>&5
ltconfig:780: finding the maximum length of command line arguments
ltconfig:@lineno@: result: 73729
ltconfig:829: checking if gcc supports -c -o file.o
ltconfig:830: gcc -c -O2   -o out/conftest2.o  conftest.c 1>&5
ltconfig:883: checking if gcc supports -fno-rtti -fno-exceptions
ltconfig:884: gcc -c -O2   -fno-rtti -fno-exceptions -c conftest.c  conftest.c 1>&5
ltconfig:1423: checking if global_symbol_pipe works
ltconfig:1424: gcc -c -O2    conftest.c 1>&5
ltconfig:1427: eval "/usr/bin/nm -B conftest.o | sed -n -e 's/^.*[ 	]\([ABCDGISTW]\)[ 	][ 	]*\(\)\([_A-Za-z][_A-Za-z0-9]*\)$/\1 \2\3 \3/p' > conftest.nm"
ltconfig:1479: gcc -o conftest -O2   -fno-builtin -fno-rtti -fno-exceptions    -s  conftest.c conftstm.o 1>&5
ltconfig:1583: checking for dlopen in -ldl
ltconfig:1603: gcc -o conftest -O2   -fno-builtin -fno-rtti -fno-exceptions    -s  conftest.c -ldl   1>&5
ltconfig:1863: checking for dlfcn.h
ltconfig:1874: gcc -c -O2   -fno-builtin -fno-rtti -fno-exceptions  conftest.c 1>&5 >/dev/null 2>conftest.out
ltconfig:1902: checking whether a program can dlopen itself
ltconfig:1957: gcc -o conftest -O2   -fno-builtin -fno-rtti -fno-exceptions  -DHAVE_DLFCN_H   -s  -Wl,--export-dynamic conftest.c -ldl  1>&5
ltconfig:1976: checking whether a statically linked program can dlopen itself
ltconfig:2031: gcc -o conftest -O2   -fno-builtin -fno-rtti -fno-exceptions  -DHAVE_DLFCN_H   -s  -Wl,--export-dynamic -static conftest.c -ldl  1>&5
ltconfig: failed program was:
/*#line 1984 "ltconfig"*/

#if HAVE_DLFCN_H
#include <dlfcn.h>
#endif

#include <stdio.h>

#ifdef RTLD_GLOBAL
# define LTDL_GLOBAL	RTLD_GLOBAL
#else
# ifdef DL_GLOBAL
#  define LTDL_GLOBAL	DL_GLOBAL
# else
#  define LTDL_GLOBAL	0
# endif
#endif

/* We may have to define LTDL_LAZY_OR_NOW in the command line if we
   find out it does not work in some platform. */
#ifndef LTDL_LAZY_OR_NOW
# ifdef RTLD_LAZY
#  define LTDL_LAZY_OR_NOW	RTLD_LAZY
# else
#  ifdef DL_LAZY
#   define LTDL_LAZY_OR_NOW	DL_LAZY
#  else
#   ifdef RTLD_NOW
#    define LTDL_LAZY_OR_NOW	RTLD_NOW
#   else
#    ifdef DL_NOW
#     define LTDL_LAZY_OR_NOW	DL_NOW
#    else
#     define LTDL_LAZY_OR_NOW	0
#    endif
#   endif
#  endif
# endif
#endif

void fnord() { int i=42; }
int main() {
    void *self, *ptr1, *ptr2; self=dlopen(0,LTDL_GLOBAL|LTDL_LAZY_OR_NOW);
    if(self) { ptr1=dlsym(self,"fnord"); ptr2=dlsym(self,"_fnord");
    if(ptr1 || ptr2) { dlclose(self); exit(0); } } exit(1); return 1; }

c++ -E conftest.cc
ltconfig:678:checking for c++ option to produce PIC
ltconfig:687:checking that c++ PIC flag -fPIC -DPIC works.
ltconfig:697: c++ -c -O2 -O3 -Wall -fno-exceptions -fno-check-new -fPIC -DPIC -DPIC  conftest.cc 1>&5
ltconfig:749: checking if c++ static flag -static works
ltconfig:758: c++ -o conftest -O2 -O3 -Wall -fno-exceptions -fno-check-new    -s  -static conftest.cc  1>&5
ltconfig:780: finding the maximum length of command line arguments
ltconfig:@lineno@: result: 73729
ltconfig:883: checking if c++ supports -fno-rtti -fno-exceptions
ltconfig:884: c++ -c -O2 -O3 -Wall -fno-exceptions -fno-check-new -fno-rtti -fno-exceptions -c conftest.cc  conftest.cc 1>&5
ltconfig:1423: checking if global_symbol_pipe works
ltconfig:1424: c++ -c -O2 -O3 -Wall -fno-exceptions -fno-check-new  conftest.cc 1>&5
ltconfig:1427: eval "/usr/bin/nm -B conftest.o | sed -n -e 's/^.*[ 	]\([ABCDGISTW]\)[ 	][ 	]*\(\)\([_A-Za-z][_A-Za-z0-9]*\)$/\1 \2\3 \3/p' > conftest.nm"
ltconfig:1479: c++ -o conftest -O2 -O3 -Wall -fno-exceptions -fno-check-new -fno-builtin -fno-rtti -fno-exceptions    -s  conftest.cc conftstm.o 1>&5
ltconfig:1863: checking for dlfcn.h
ltconfig:1902: checking whether a program can dlopen itself
ltconfig:1976: checking whether a statically linked program can dlopen itself
configure:2874: checking for object suffix
configure:2880: gcc -c -O2    conftest.c 1>&5
configure:2900: checking for executable suffix
configure:2910: gcc -o conftest -O2      -s  conftest.c  1>&5
configure:3045: checking for extra includes
configure:3076: checking for extra libs
configure:3112: checking for msgfmt
configure:3146: checking for gmsgfmt
configure:3191: checking for xgettext
configure:3236: checking how to run the C preprocessor
configure:3257: gcc -E  conftest.c >/dev/null 2>conftest.out
configure:3324: checking for main in -lutil
configure:3339: gcc -o conftest -O2      -s  conftest.c -lutil   1>&5
configure:3360: checking for main in -lcompat
configure:3375: gcc -o conftest -O2      -s  conftest.c -lcompat   1>&5
/usr/i486-suse-linux/bin/ld: cannot find -lcompat
collect2: ld returned 1 exit status
configure: failed program was:
#line 3368 "configure"
#include "confdefs.h"

int main() {
main()
; return 0; }
configure:3397: checking for crypt in -lcrypt
configure:3416: gcc -o conftest -O2      -s  conftest.c -lcrypt   1>&5
configure:3491: checking for socklen_t
configure:3521: c++ -c -O2 -O3 -Wall -fno-exceptions -fno-check-new  conftest.C 1>&5
configure:3588: checking for dnet_ntoa in -ldnet
configure:3607: gcc -o conftest -O2      -s  conftest.c -ldnet   1>&5
/usr/i486-suse-linux/bin/ld: cannot find -ldnet
collect2: ld returned 1 exit status
configure: failed program was:
#line 3596 "configure"
#include "confdefs.h"
/* Override any gcc2 internal prototype to avoid an error.  */
/* We use char because int might match the return type of a gcc2
    builtin and then its argument prototype would still apply.  */
char dnet_ntoa();

int main() {
dnet_ntoa()
; return 0; }
configure:3629: checking for dnet_ntoa in -ldnet_stub
configure:3648: gcc -o conftest -O2      -s  conftest.c -ldnet_stub   1>&5
/usr/i486-suse-linux/bin/ld: cannot find -ldnet_stub
collect2: ld returned 1 exit status
configure: failed program was:
#line 3637 "configure"
#include "confdefs.h"
/* Override any gcc2 internal prototype to avoid an error.  */
/* We use char because int might match the return type of a gcc2
    builtin and then its argument prototype would still apply.  */
char dnet_ntoa();

int main() {
dnet_ntoa()
; return 0; }
configure:3670: checking for inet_ntoa
configure:3698: gcc -o conftest -O2      -s  conftest.c  1>&5
configure:3760: checking for connect
configure:3788: gcc -o conftest -O2      -s  conftest.c  1>&5
configure:3851: checking for remove
configure:3879: gcc -o conftest -O2      -s  conftest.c  1>&5
configure:3943: checking for shmat
configure:3971: gcc -o conftest -O2      -s  conftest.c  1>&5
configure:4035: checking for res_init
configure:4063: gcc -o conftest -O2      -s  conftest.c  1>&5
/tmp/ccbLvSAK.o: In function `main':
/tmp/ccbLvSAK.o(.text+0x7): undefined reference to `res_init'
collect2: ld returned 1 exit status
configure: failed program was:
#line 4040 "configure"
#include "confdefs.h"
/* System header to define __stub macros and hopefully few prototypes,
    which can conflict with char res_init(); below.  */
#include <assert.h>
/* Override any gcc2 internal prototype to avoid an error.  */
/* We use char because int might match the return type of a gcc2
    builtin and then its argument prototype would still apply.  */
char res_init();

int main() {

/* The GNU C library defines this for functions which it implements
    to always fail with ENOSYS.  Some functions are actually named
    something starting with __ and the normal name is an alias.  */
#if defined (__stub_res_init) || defined (__stub___res_init)
choke me
#else
res_init();
#endif

; return 0; }
configure:4098: gcc -o conftest -O2      -s  conftest.c   -lresolv 1>&5
configure:4123: checking for killpg in -lucb
configure:4142: gcc -o conftest -O2      -s  conftest.c -lucb   1>&5
/usr/i486-suse-linux/bin/ld: cannot find -lucb
collect2: ld returned 1 exit status
configure: failed program was:
#line 4131 "configure"
#include "confdefs.h"
/* Override any gcc2 internal prototype to avoid an error.  */
/* We use char because int might match the return type of a gcc2
    builtin and then its argument prototype would still apply.  */
char killpg();

int main() {
killpg()
; return 0; }
configure:4211: checking size of int
configure:4230: gcc -o conftest -O2      -s  conftest.c  1>&5
configure:4249: checking size of long
configure:4268: gcc -o conftest -O2      -s  conftest.c  1>&5
configure:4287: checking size of char *
configure:4306: gcc -o conftest -O2      -s  conftest.c  1>&5
configure:4325: checking size of char
configure:4344: gcc -o conftest -O2      -s  conftest.c  1>&5
configure:4365: checking for dlopen in -ldl
configure:4409: checking for shl_unload in -ldld
configure:4428: gcc -o conftest -O2      -s  conftest.c -ldld   1>&5
/usr/i486-suse-linux/bin/ld: cannot find -ldld
collect2: ld returned 1 exit status
configure: failed program was:
#line 4417 "configure"
#include "confdefs.h"
/* Override any gcc2 internal prototype to avoid an error.  */
/* We use char because int might match the return type of a gcc2
    builtin and then its argument prototype would still apply.  */
char shl_unload();

int main() {
shl_unload()
; return 0; }
configure:4458: checking for libz
configure:4484: gcc -o conftest -O2         -s  conftest.c    -lz  -lresolv 1>&5
configure:4514: checking for X
configure:4553: gcc -E  conftest.c >/dev/null 2>conftest.out
configure:4629: gcc -o conftest -O2      -s  conftest.c -lXt  1>&5
/usr/i486-suse-linux/bin/ld: cannot find -lXt
collect2: ld returned 1 exit status
configure: failed program was:
#line 4622 "configure"
#include "confdefs.h"

int main() {
XtMalloc()
; return 0; }
configure:4803: checking for IceConnectionNumber in -lICE
configure:4822: gcc -o conftest -O2      -s  -L/usr/X11R6/lib conftest.c -lICE  -lresolv  1>&5
configure:4851: checking for libXext
configure:4877: gcc -o conftest -O2      -s  -L/usr/X11R6/lib  conftest.c -lXext -lX11  -lresolv 1>&5
configure:4904: checking for Xinerama
configure:5047: checking for libpng
configure:5077: gcc -o conftest -O2   -I/usr/X11R6/include     -s  conftest.c  -L/usr/X11R6/lib  -lpng -lz -lm -lX11  -lresolv 1>&5
configure:5109: checking for libjpeg6b
configure:5147: gcc -o conftest -O2   -I/usr/X11R6/include     -s  conftest.c -L/usr/X11R6/lib  -ljpeg6b -lm 1>&5
/usr/i486-suse-linux/bin/ld: cannot find -ljpeg6b
collect2: ld returned 1 exit status
configure: failed program was:
#line 5126 "configure"
#include "confdefs.h"
/* Override any gcc2 internal prototype to avoid an error.  */
struct jpeg_decompress_struct;
typedef struct jpeg_decompress_struct * j_decompress_ptr;
typedef int size_t;
#ifdef __cplusplus
extern "C" {
#endif
    void jpeg_CreateDecompress(j_decompress_ptr cinfo,
                                    int version, size_t structsize);
#ifdef __cplusplus
}
#endif
/* We use char because int might match the return type of a gcc2
    builtin and then its argument prototype would still apply.  */

int main() {
jpeg_CreateDecompress(0L, 0, 0);
; return 0; }
configure:5170: checking for libjpeg
configure:5208: gcc -o conftest -O2   -I/usr/X11R6/include     -s  conftest.c -L/usr/X11R6/lib  -ljpeg -lm 1>&5
configure: 5248: /usr/include/jpeglib.h
taking that
configure:5362: checking for Qt
configure: 5424: /usr/lib/qt2//include/qstyle.h
taking that
tried NO
configure:5523: rm -rf SunWS_cache; c++ -o conftest -O2 -O3 -Wall -fno-exceptions -fno-check-new -I/usr/lib/qt2//include -I/usr/X11R6/include  -DQT_THREAD_SUPPORT -pthread   -s  -L/usr/lib/qt2//lib -L/usr/X11R6/lib  conftest.C  -lqt-mt -lpng -lz -lm -ljpeg  -lXext -lX11 -lSM -lICE  -lresolv 1>&5
conftest.C: In function `int main()':
conftest.C:18: warning: unused variable `int magnolia'
conftest.C:13: warning: unused variable `class QStringList * t'
configure:5581: checking if Qt compiles without flags
configure:5660: rm -rf SunWS_cache; c++ -o conftest -O2 -O3 -Wall -fno-exceptions -fno-check-new -I/usr/lib/qt2//include  -DQT_THREAD_SUPPORT -pthread   -s  -L/usr/X11R6/lib conftest.C -lqt-mt -lpng -lz -lm -ljpeg  -lXext -lX11 -lSM -lICE  -lresolv -lXext -lX11  -lresolv 1>&5
conftest.C: In function `int main()':
conftest.C:18: warning: unused variable `int magnolia'
conftest.C:13: warning: unused variable `class QStringList * t'
/usr/i486-suse-linux/bin/ld: cannot find -lqt-mt
collect2: ld returned 1 exit status
configure: failed program was:
#include "confdefs.h"
#include <qglobal.h>
#include <qapplication.h>
#include <qevent.h>
#include <qstring.h>
#include <qstyle.h>
#include <qiconview.h>
#if ! (QT_VERSION >= 222)
#error 1
#endif

int main() {
    QStringList *t = new QStringList();
    QIconView iv(0);
    iv.setWordWrapIconText(false);
    QString s;
    s.setLatin1("Elvis is alive", 14);
    int magnolia = QEvent::Speech; /* new in 2.2 beta2 */
    return 0;
}
configure:5729: checking for moc
configure:5795: checking for uic
configure:5919: checking if admin should be compiled
configure:5919: checking if netbomber should be compiled
